e:\projects\practice programms\full\full\debug\full.obj
e:\projects\practice programms\full\full\debug\vc100.pdb
f:\semester 1\projects\practice programms\full\full\debug\full.obj
f:\semester 1\projects\practice programms\full\full\debug\vc100.pdb
e:\projects\practice programms\full\debug\full.ilk
e:\projects\practice programms\full\debug\full.exe
e:\projects\practice programms\full\full\debug\full.exe.intermediate.manifest
e:\projects\practice programms\full\debug\full.pdb
f:\semester 1\projects\practice programms\full\debug\full.ilk
f:\semester 1\projects\practice programms\full\debug\full.exe
f:\semester 1\projects\practice programms\full\full\debug\full.exe.intermediate.manifest
f:\semester 1\projects\practice programms\full\debug\full.pdb
f:\semester 1\projects\practice programms\full\full\debug\vc120.pdb
f:\semester 1\projects\practice programms\full\full\debug\vc120.idb
f:\semester 1\projects\practice programms\full\full\debug\full.vcxprojresolveassemblyreference.cache
f:\semester 1\projects\practice programms\full\full\debug\cl.command.1.tlog
f:\semester 1\projects\practice programms\full\full\debug\cl.read.1.tlog
f:\semester 1\projects\practice programms\full\full\debug\cl.write.1.tlog
f:\semester 1\projects\practice programms\full\full\debug\full.write.1.tlog
f:\semester 1\projects\practice programms\full\full\debug\link.command.1.tlog
f:\semester 1\projects\practice programms\full\full\debug\link.read.1.tlog
f:\semester 1\projects\practice programms\full\full\debug\link.write.1.tlog
f:\semester 1\projects\practice programms\full\full\debug\mt.command.1.tlog
f:\semester 1\projects\practice programms\full\full\debug\mt.read.1.tlog
f:\semester 1\projects\practice programms\full\full\debug\mt.write.1.tlog
f:\semester 1\projects\practice programms\full\full\debug\vc100.idb
f:\semester 1\projects\practice programms\full\full\debug\full.tlog\cl.command.1.tlog
f:\semester 1\projects\practice programms\full\full\debug\full.tlog\cl.read.1.tlog
f:\semester 1\projects\practice programms\full\full\debug\full.tlog\cl.write.1.tlog
f:\semester 1\projects\practice programms\full\full\debug\full.tlog\link-cvtres.read.1.tlog
f:\semester 1\projects\practice programms\full\full\debug\full.tlog\link-cvtres.write.1.tlog
f:\semester 1\projects\practice programms\full\full\debug\full.tlog\link-rc.read.1.tlog
f:\semester 1\projects\practice programms\full\full\debug\full.tlog\link-rc.write.1.tlog
f:\semester 1\projects\practice programms\full\full\debug\full.tlog\link.command.1.tlog
f:\semester 1\projects\practice programms\full\full\debug\full.tlog\link.read.1.tlog
f:\semester 1\projects\practice programms\full\full\debug\full.tlog\link.write.1.tlog
